SF:lib/presentation/blocs/movies/detail_state.dart
DA:4,5
DA:6,2
DA:7,2
DA:17,4
DA:19,2
DA:20,4
DA:27,3
DA:29,2
DA:30,6
LF:9
LH:9
end_of_record
SF:lib/presentation/blocs/movies/detail_event.dart
DA:4,0
DA:5,0
DA:11,3
DA:13,1
DA:14,2
LF:5
LH:3
end_of_record
SF:lib/presentation/blocs/movies/detail_bloc.dart
DA:12,1
DA:15,2
DA:16,2
DA:17,2
DA:18,1
DA:20,3
DA:21,3
DA:23,1
DA:24,1
DA:25,3
DA:27,1
DA:28,2
DA:29,1
DA:30,0
DA:31,0
DA:33,1
DA:34,2
LF:17
LH:15
end_of_record
SF:lib/presentation/blocs/movies/watchlist_status_state.dart
DA:4,6
DA:6,2
DA:7,2
DA:15,2
DA:17,0
DA:18,0
DA:24,4
DA:26,2
DA:27,4
DA:34,3
DA:36,1
DA:37,3
DA:44,3
DA:46,1
DA:47,3
LF:15
LH:13
end_of_record
SF:lib/presentation/blocs/movies/watchlist_status_event.dart
DA:4,0
DA:5,0
DA:11,3
DA:13,1
DA:14,2
DA:20,2
DA:22,1
DA:23,2
DA:29,2
DA:31,1
DA:32,2
LF:11
LH:9
end_of_record
SF:lib/presentation/blocs/movies/watchlist_status_bloc.dart
DA:14,1
DA:18,2
DA:19,2
DA:20,1
DA:22,3
DA:24,2
DA:27,2
DA:28,1
DA:29,3
DA:31,4
DA:33,2
DA:34,0
DA:37,1
DA:38,2
DA:43,2
DA:44,1
DA:45,3
DA:47,4
DA:49,2
DA:50,0
DA:53,1
DA:54,2
LF:22
LH:20
end_of_record
SF:lib/styles/text_styles.dart
DA:4,4
DA:5,2
DA:6,24
DA:8,3
DA:10,0
LF:5
LH:4
end_of_record
SF:lib/utils/constants.dart
DA:7,0
LF:1
LH:0
end_of_record
SF:lib/utils/exception.dart
DA:6,4
LF:1
LH:1
end_of_record
SF:lib/utils/failure.dart
DA:6,175
DA:8,2
DA:9,4
DA:13,173
DA:17,162
DA:21,6
DA:25,166
LF:7
LH:7
end_of_record
SF:lib/utils/shared.dart
DA:8,0
DA:9,0
DA:11,0
DA:12,0
DA:13,0
DA:14,0
DA:15,0
DA:16,0
DA:17,0
DA:18,0
DA:19,0
DA:20,0
DA:22,0
DA:26,0
DA:29,0
DA:30,0
DA:31,0
DA:35,0
DA:36,0
LF:19
LH:0
end_of_record
SF:lib/utils/ssl_pinning.dart
DA:5,0
DA:6,0
DA:8,0
DA:9,0
DA:10,0
LF:5
LH:0
end_of_record
SF:lib/utils/state_enum.dart
DA:1,80
LF:1
LH:1
end_of_record
SF:lib/utils/utils.dart
DA:3,3
LF:1
LH:1
end_of_record
SF:lib/data/datasources/db/database_helper.dart
DA:8,0
DA:12,0
DA:16,0
DA:17,0
DA:24,0
DA:25,0
DA:26,0
DA:28,0
DA:32,0
DA:33,0
DA:40,0
DA:41,0
DA:48,0
DA:51,0
DA:52,0
DA:53,0
DA:56,0
DA:57,0
DA:58,0
DA:61,0
DA:65,0
DA:66,0
DA:67,0
DA:70,0
DA:73,0
DA:74,0
DA:80,0
DA:81,0
DA:82,0
DA:87,0
DA:88,0
DA:89,0
DA:92,0
DA:93,0
DA:94,0
DA:97,0
DA:101,0
DA:102,0
DA:103,0
DA:106,0
DA:109,0
DA:110,0
DA:116,0
DA:117,0
DA:118,0
LF:45
LH:0
end_of_record
SF:lib/data/datasources/movie_local_data_source.dart
DA:13,1
DA:16,1
DA:18,3
DA:21,2
DA:26,1
DA:28,3
DA:31,2
DA:36,1
DA:37,3
DA:39,1
DA:46,1
DA:47,3
DA:48,4
LF:13
LH:13
end_of_record
SF:lib/data/datasources/movie_remote_data_source.dart
DA:21,1
DA:24,1
DA:26,5
DA:28,2
DA:29,4
DA:31,1
DA:36,1
DA:37,5
DA:39,2
DA:40,3
DA:42,1
DA:47,1
DA:48,2
DA:49,3
DA:51,2
DA:52,4
DA:54,1
DA:59,1
DA:61,5
DA:63,2
DA:64,4
DA:66,1
DA:71,1
DA:73,5
DA:75,2
DA:76,4
DA:78,1
DA:83,1
DA:84,2
DA:85,3
DA:87,2
DA:88,4
DA:90,1
LF:33
LH:33
end_of_record
SF:lib/data/datasources/tv_local_data_source.dart
DA:13,1
DA:16,1
DA:18,3
DA:21,2
DA:26,1
DA:28,3
DA:31,2
DA:36,1
DA:37,3
DA:39,1
DA:46,1
DA:47,3
DA:48,4
LF:13
LH:13
end_of_record
SF:lib/data/datasources/tv_remote_data_source.dart
DA:22,1
DA:25,1
DA:27,5
DA:29,2
DA:30,4
DA:32,1
DA:37,1
DA:39,5
DA:41,2
DA:42,4
DA:44,1
DA:49,1
DA:50,5
DA:52,2
DA:53,3
DA:55,1
DA:60,1
DA:62,5
DA:64,2
DA:65,4
DA:67,1
DA:72,1
DA:73,5
DA:75,2
DA:76,4
DA:78,1
DA:83,1
DA:85,5
DA:87,2
DA:88,4
DA:90,1
DA:95,1
DA:97,5
DA:99,2
DA:100,4
DA:102,1
LF:36
LH:36
end_of_record
SF:lib/data/models/genre_model.dart
DA:5,5
DA:13,4
DA:14,2
DA:15,2
DA:18,2
DA:19,1
DA:20,1
DA:23,3
DA:24,9
DA:27,2
DA:28,6
LF:11
LH:11
end_of_record
SF:lib/data/models/movie_detail_model.dart
DA:5,2
DA:51,1
DA:52,1
DA:53,1
DA:54,1
DA:55,1
DA:56,1
DA:57,4
DA:58,1
DA:59,1
DA:60,1
DA:61,1
DA:62,1
DA:63,1
DA:64,2
DA:65,1
DA:66,1
DA:67,1
DA:68,1
DA:69,1
DA:70,1
DA:71,1
DA:72,1
DA:73,2
DA:74,1
DA:77,1
DA:78,1
DA:79,1
DA:80,1
DA:81,5
DA:82,1
DA:83,1
DA:84,1
DA:85,1
DA:86,1
DA:87,1
DA:88,1
DA:89,1
DA:90,1
DA:94,1
DA:95,1
DA:96,1
DA:97,1
DA:98,1
DA:99,1
DA:100,1
DA:101,1
DA:102,1
DA:103,1
DA:104,1
DA:105,1
DA:106,1
DA:107,1
DA:108,1
DA:109,1
DA:110,1
DA:111,1
DA:112,1
DA:113,1
DA:114,1
DA:115,1
DA:116,1
LF:62
LH:62
end_of_record
SF:lib/data/models/movie_model.dart
DA:5,5
DA:35,4
DA:36,2
DA:37,2
DA:38,8
DA:39,2
DA:40,2
DA:41,2
DA:42,4
DA:43,2
DA:44,2
DA:45,2
DA:46,2
DA:47,4
DA:48,2
DA:51,2
DA:52,1
DA:53,1
DA:54,4
DA:55,1
DA:56,1
DA:57,1
DA:58,1
DA:59,1
DA:60,1
DA:61,1
DA:62,1
DA:63,1
DA:64,1
DA:67,2
DA:68,2
DA:69,2
DA:70,2
DA:71,2
DA:72,2
DA:73,2
DA:74,2
DA:75,2
DA:76,2
DA:77,2
DA:78,2
DA:79,2
DA:80,2
DA:81,2
DA:85,2
DA:86,2
DA:87,2
DA:88,2
DA:89,2
DA:90,2
DA:91,2
DA:92,2
DA:93,2
DA:94,2
DA:95,2
DA:96,2
DA:97,2
DA:98,2
DA:99,2
LF:59
LH:59
end_of_record
SF:lib/data/models/movie_response.dart
DA:7,3
DA:9,4
DA:10,4
DA:11,6
DA:12,6
DA:15,2
DA:16,5
DA:19,1
DA:20,2
LF:9
LH:9
end_of_record
SF:lib/data/models/movie_table.dart
DA:10,3
DA:17,2
DA:18,1
DA:19,1
DA:20,1
DA:21,1
DA:24,2
DA:25,1
DA:26,1
DA:27,1
DA:28,1
DA:31,2
DA:32,1
DA:33,1
DA:34,1
DA:35,1
DA:38,2
DA:39,1
DA:40,1
DA:41,1
DA:42,1
DA:45,2
DA:46,10
LF:23
LH:23
end_of_record
SF:lib/data/models/season_model.dart
DA:5,1
DA:23,0
DA:24,0
DA:25,0
DA:26,0
DA:27,0
DA:28,0
DA:29,0
DA:30,0
DA:33,2
DA:34,1
DA:35,1
DA:36,1
DA:37,1
DA:38,1
DA:39,1
DA:40,1
DA:43,1
DA:44,1
DA:45,1
DA:46,1
DA:47,1
DA:48,1
DA:49,1
DA:50,1
DA:51,1
DA:55,0
DA:56,0
DA:57,0
DA:58,0
DA:59,0
DA:60,0
DA:61,0
DA:62,0
DA:63,0
LF:35
LH:18
end_of_record
SF:lib/data/models/tv_detail_model.dart
DA:5,2
DA:51,1
DA:52,1
DA:53,1
DA:54,2
DA:55,1
DA:56,4
DA:57,1
DA:58,1
DA:59,1
DA:60,2
DA:61,1
DA:62,1
DA:63,1
DA:64,1
DA:65,1
DA:66,1
DA:67,1
DA:68,2
DA:69,1
DA:70,1
DA:71,1
DA:72,1
DA:73,2
DA:74,1
DA:77,1
DA:78,1
DA:79,1
DA:80,1
DA:81,5
DA:82,1
DA:83,1
DA:84,1
DA:85,1
DA:86,1
DA:87,1
DA:88,1
DA:89,1
DA:90,1
DA:91,1
DA:92,1
DA:93,1
DA:94,1
DA:95,1
DA:96,1
DA:97,1
DA:98,1
DA:102,1
DA:103,1
DA:104,1
DA:105,1
DA:106,1
DA:107,1
DA:108,1
DA:109,1
DA:110,1
DA:111,1
DA:112,1
DA:113,1
DA:114,1
DA:115,1
DA:116,1
DA:117,1
DA:118,1
DA:119,1
DA:120,1
DA:121,1
DA:122,1
DA:123,1
LF:69
LH:69
end_of_record
SF:lib/data/models/tv_model.dart
DA:5,5
DA:31,4
DA:32,2
DA:33,4
DA:34,2
DA:35,2
DA:36,4
DA:37,2
DA:38,8
DA:39,2
DA:40,2
DA:41,2
DA:42,2
DA:45,2
DA:46,1
DA:47,1
DA:48,1
DA:49,1
DA:50,1
DA:51,1
DA:52,4
DA:53,1
DA:54,1
DA:55,1
DA:56,1
DA:59,2
DA:60,2
DA:61,2
DA:62,2
DA:63,2
DA:64,2
DA:65,2
DA:66,2
DA:67,2
DA:68,2
DA:69,2
DA:70,2
DA:71,2
DA:75,2
DA:76,2
DA:77,2
DA:78,2
DA:79,2
DA:80,2
DA:81,2
DA:82,2
DA:83,2
DA:84,2
DA:85,2
DA:86,2
DA:87,2
LF:51
LH:51
end_of_record
SF:lib/data/models/tv_response.dart
DA:7,3
DA:9,4
DA:10,4
DA:11,6
DA:12,6
DA:15,2
DA:16,5
DA:19,1
DA:20,2
LF:9
LH:9
end_of_record
SF:lib/data/models/tv_table.dart
DA:10,3
DA:17,2
DA:18,1
DA:19,1
DA:20,1
DA:21,1
DA:24,2
DA:25,1
DA:26,1
DA:27,1
DA:28,1
DA:31,2
DA:32,1
DA:33,1
DA:34,1
DA:35,1
DA:38,2
DA:39,1
DA:40,1
DA:41,1
DA:42,1
DA:45,2
DA:46,10
LF:23
LH:23
end_of_record
SF:lib/data/repositories/movie_repository_impl.dart
DA:10,1
DA:16,1
DA:18,3
DA:19,5
DA:20,1
DA:22,1
DA:24,1
DA:27,3
DA:32,1
DA:34,3
DA:35,2
DA:36,1
DA:38,1
DA:40,1
DA:43,3
DA:48,1
DA:50,3
DA:51,3
DA:52,1
DA:54,1
DA:56,1
DA:59,3
DA:64,1
DA:66,3
DA:67,5
DA:68,1
DA:70,1
DA:72,1
DA:75,3
DA:80,1
DA:82,3
DA:83,5
DA:84,1
DA:86,1
DA:88,1
DA:91,3
DA:96,1
DA:98,3
DA:99,5
DA:100,1
DA:102,1
DA:104,1
DA:107,3
DA:112,1
DA:115,4
DA:116,1
DA:117,1
DA:118,3
DA:125,1
DA:128,4
DA:129,1
DA:130,1
DA:131,3
DA:136,1
DA:137,3
DA:142,1
DA:143,3
DA:144,5
LF:58
LH:58
end_of_record
SF:lib/data/repositories/tv_repository_impl.dart
DA:10,1
DA:16,1
DA:18,3
DA:19,5
DA:20,1
DA:22,1
DA:24,1
DA:27,3
DA:32,1
DA:34,3
DA:35,5
DA:36,1
DA:38,1
DA:40,1
DA:43,3
DA:48,1
DA:50,3
DA:51,2
DA:52,1
DA:54,1
DA:56,1
DA:59,3
DA:64,1
DA:66,3
DA:67,3
DA:68,1
DA:70,1
DA:72,1
DA:75,3
DA:80,1
DA:82,3
DA:83,5
DA:84,1
DA:86,1
DA:88,1
DA:91,3
DA:96,1
DA:98,3
DA:99,5
DA:100,1
DA:102,1
DA:104,1
DA:107,3
DA:112,1
DA:114,3
DA:115,5
DA:116,1
DA:118,1
DA:120,1
DA:123,3
DA:128,1
DA:131,4
DA:132,1
DA:133,1
DA:134,3
DA:141,1
DA:144,4
DA:145,1
DA:146,1
DA:147,3
DA:152,1
DA:153,3
DA:158,1
DA:159,3
DA:160,5
LF:65
LH:65
end_of_record
SF:lib/domain/entities/genre.dart
DA:4,20
DA:12,5
DA:13,15
LF:3
LH:3
end_of_record
SF:lib/domain/entities/movie.dart
DA:4,17
DA:20,1
DA:50,6
DA:51,6
DA:52,6
DA:53,6
DA:54,6
DA:55,6
DA:56,6
DA:57,6
DA:58,6
DA:59,6
DA:60,6
DA:61,6
DA:62,6
DA:63,6
DA:64,6
LF:17
LH:17
end_of_record
SF:lib/domain/entities/movie_detail.dart
DA:5,9
DA:33,2
DA:34,2
DA:35,2
DA:36,2
DA:37,2
DA:38,2
DA:39,2
DA:40,2
DA:41,2
DA:42,2
DA:43,2
DA:44,2
DA:45,2
LF:14
LH:14
end_of_record
SF:lib/domain/entities/season.dart
DA:4,1
DA:22,1
DA:23,1
DA:24,1
DA:25,1
DA:26,1
DA:27,1
DA:28,1
DA:29,1
DA:30,1
LF:10
LH:10
end_of_record
SF:lib/domain/entities/tv_detail.dart
DA:5,9
DA:49,2
DA:50,2
DA:51,2
DA:52,2
DA:53,2
DA:54,2
DA:55,2
DA:56,2
DA:57,2
DA:58,2
DA:59,2
DA:60,2
DA:61,2
DA:62,2
DA:63,2
DA:64,2
DA:65,2
DA:66,2
DA:67,2
DA:68,2
DA:69,2
DA:70,2
LF:23
LH:23
end_of_record
SF:lib/domain/entities/tv_series.dart
DA:4,16
DA:18,1
DA:44,7
DA:45,7
DA:46,7
DA:47,7
DA:48,7
DA:49,7
DA:50,7
DA:51,7
DA:52,7
DA:53,7
DA:54,7
DA:55,7
DA:56,7
LF:15
LH:15
end_of_record
SF:lib/domain/usecases/get_airing_today_tv.dart
DA:7,1
DA:9,1
DA:10,2
LF:3
LH:3
end_of_record
SF:lib/domain/usecases/get_movie_detail.dart
DA:7,1
DA:9,1
DA:10,2
LF:3
LH:3
end_of_record
SF:lib/domain/usecases/get_movie_recommendations.dart
DA:7,1
DA:9,1
DA:10,2
LF:3
LH:3
end_of_record
SF:lib/domain/usecases/get_movie_watchlist_status.dart
DA:6,1
DA:8,1
DA:9,2
LF:3
LH:3
end_of_record
SF:lib/domain/usecases/get_now_playing_movies.dart
DA:7,1
DA:9,1
DA:10,2
LF:3
LH:3
end_of_record
SF:lib/domain/usecases/get_on_air_tv.dart
DA:7,1
DA:9,1
DA:10,2
LF:3
LH:3
end_of_record
SF:lib/domain/usecases/get_popular_movies.dart
DA:7,1
DA:9,1
DA:10,2
LF:3
LH:3
end_of_record
SF:lib/domain/usecases/get_popular_tv.dart
DA:7,1
DA:9,1
DA:10,2
LF:3
LH:3
end_of_record
SF:lib/domain/usecases/get_top_rated_movies.dart
DA:7,1
DA:9,1
DA:10,2
LF:3
LH:3
end_of_record
SF:lib/domain/usecases/get_top_rated_tv.dart
DA:7,1
DA:9,1
DA:10,2
LF:3
LH:3
end_of_record
SF:lib/domain/usecases/get_tv_detail.dart
DA:7,1
DA:9,1
DA:10,2
LF:3
LH:3
end_of_record
SF:lib/domain/usecases/get_tv_recommendations.dart
DA:7,1
DA:9,1
DA:10,2
LF:3
LH:3
end_of_record
SF:lib/domain/usecases/get_tv_watchlist_status.dart
DA:6,1
DA:8,1
DA:9,2
LF:3
LH:3
end_of_record
SF:lib/domain/usecases/remove_movie_watchlist.dart
DA:7,1
DA:9,1
DA:10,2
LF:3
LH:3
end_of_record
SF:lib/domain/usecases/remove_tv_watchlist.dart
DA:7,1
DA:9,1
DA:10,2
LF:3
LH:3
end_of_record
SF:lib/domain/usecases/save_movie_watchlist.dart
DA:7,1
DA:9,1
DA:10,2
LF:3
LH:3
end_of_record
SF:lib/domain/usecases/save_tv_watchlist.dart
DA:7,1
DA:9,1
DA:10,2
LF:3
LH:3
end_of_record
SF:lib/domain/usecases/get_watchlist_movies.dart
DA:7,1
DA:9,1
DA:10,2
LF:3
LH:3
end_of_record
SF:lib/domain/usecases/get_watchlist_tv.dart
DA:7,1
DA:9,1
DA:10,2
LF:3
LH:3
end_of_record
SF:lib/presentation/blocs/movies/now_playing_state.dart
DA:4,3
DA:6,2
DA:7,2
DA:17,3
DA:19,2
DA:20,4
DA:26,2
DA:28,2
DA:29,4
LF:9
LH:9
end_of_record
SF:lib/presentation/blocs/movies/now_playing_event.dart
DA:4,0
DA:5,0
DA:9,1
DA:10,1
LF:4
LH:2
end_of_record
SF:lib/presentation/blocs/movies/now_playing_bloc.dart
DA:12,1
DA:14,2
DA:15,2
DA:16,2
DA:17,3
DA:19,1
DA:20,1
DA:21,3
DA:23,1
DA:24,1
DA:25,2
DA:27,2
LF:12
LH:12
end_of_record
SF:lib/presentation/blocs/movies/popular_state.dart
DA:4,5
DA:6,2
DA:7,2
DA:17,4
DA:19,2
DA:20,4
DA:26,3
DA:28,2
DA:29,4
LF:9
LH:9
end_of_record
SF:lib/presentation/blocs/movies/popular_event.dart
DA:4,0
DA:5,0
DA:9,1
DA:10,1
LF:4
LH:2
end_of_record
SF:lib/presentation/blocs/movies/popular_bloc.dart
DA:12,1
DA:14,2
DA:15,2
DA:16,2
DA:17,3
DA:19,1
DA:20,1
DA:21,3
DA:23,1
DA:24,1
DA:25,2
DA:27,2
LF:12
LH:12
end_of_record
SF:lib/presentation/blocs/movies/top_rated_state.dart
DA:4,5
DA:6,2
DA:7,2
DA:17,4
DA:19,2
DA:20,4
DA:26,3
DA:28,2
DA:29,4
LF:9
LH:9
end_of_record
SF:lib/presentation/blocs/movies/top_rated_event.dart
DA:4,0
DA:5,0
DA:9,1
DA:10,1
LF:4
LH:2
end_of_record
SF:lib/presentation/blocs/movies/top_rated_bloc.dart
DA:12,1
DA:14,2
DA:15,2
DA:16,2
DA:17,3
DA:19,1
DA:20,1
DA:21,3
DA:23,1
DA:24,1
DA:25,2
DA:27,2
LF:12
LH:12
end_of_record
SF:lib/presentation/blocs/tv/detail_state.dart
DA:4,6
DA:6,2
DA:7,2
DA:17,4
DA:19,1
DA:20,2
DA:27,3
DA:29,2
DA:30,6
LF:9
LH:9
end_of_record
SF:lib/presentation/blocs/tv/detail_event.dart
DA:4,0
DA:5,0
DA:11,3
DA:13,1
DA:14,2
LF:5
LH:3
end_of_record
SF:lib/presentation/blocs/tv/detail_bloc.dart
DA:12,1
DA:15,2
DA:16,2
DA:17,2
DA:18,1
DA:20,3
DA:21,3
DA:23,1
DA:24,1
DA:25,3
DA:27,1
DA:28,2
DA:29,1
DA:30,0
DA:31,0
DA:33,1
DA:34,2
LF:17
LH:15
end_of_record
SF:lib/presentation/blocs/tv/airing_today_state.dart
DA:4,4
DA:6,2
DA:7,2
DA:17,3
DA:19,1
DA:20,2
DA:26,2
DA:28,2
DA:29,4
LF:9
LH:9
end_of_record
SF:lib/presentation/blocs/tv/airing_today_event.dart
DA:4,0
DA:5,0
DA:9,1
DA:10,1
LF:4
LH:2
end_of_record
SF:lib/presentation/blocs/tv/airing_today_bloc.dart
DA:12,1
DA:14,2
DA:15,2
DA:16,2
DA:17,3
DA:19,1
DA:20,1
DA:21,3
DA:23,1
DA:24,1
DA:25,2
DA:27,2
LF:12
LH:12
end_of_record
SF:lib/presentation/blocs/tv/on_air_event.dart
DA:4,0
DA:5,0
DA:9,1
DA:10,1
LF:4
LH:2
end_of_record
SF:lib/presentation/blocs/tv/on_air_state.dart
DA:4,6
DA:6,2
DA:7,2
DA:17,4
DA:19,1
DA:20,2
DA:26,3
DA:28,1
DA:29,2
LF:9
LH:9
end_of_record
SF:lib/presentation/blocs/tv/on_air_bloc.dart
DA:11,1
DA:13,2
DA:14,2
DA:15,2
DA:16,3
DA:18,1
DA:19,1
DA:20,3
DA:22,1
DA:23,1
DA:24,2
DA:26,2
LF:12
LH:12
end_of_record
SF:lib/presentation/blocs/tv/popular_state.dart
DA:4,6
DA:6,2
DA:7,2
DA:17,4
DA:19,1
DA:20,2
DA:26,3
DA:28,1
DA:29,2
LF:9
LH:9
end_of_record
SF:lib/presentation/blocs/tv/popular_bloc.dart
DA:11,1
DA:13,2
DA:14,2
DA:15,2
DA:16,3
DA:18,1
DA:19,1
DA:20,3
DA:22,1
DA:23,1
DA:24,2
DA:26,2
LF:12
LH:12
end_of_record
SF:lib/presentation/blocs/tv/popular_event.dart
DA:4,0
DA:5,0
DA:9,1
DA:10,1
LF:4
LH:2
end_of_record
SF:lib/presentation/blocs/tv/top_rated_state.dart
DA:4,6
DA:6,2
DA:7,2
DA:17,4
DA:19,1
DA:20,2
DA:26,3
DA:28,1
DA:29,2
LF:9
LH:9
end_of_record
SF:lib/presentation/blocs/tv/top_rated_event.dart
DA:4,0
DA:5,0
DA:9,1
DA:10,1
LF:4
LH:2
end_of_record
SF:lib/presentation/blocs/tv/top_rated_bloc.dart
DA:11,1
DA:13,2
DA:14,2
DA:15,2
DA:16,3
DA:18,1
DA:19,1
DA:20,3
DA:22,1
DA:23,1
DA:24,2
DA:26,2
LF:12
LH:12
end_of_record
SF:lib/presentation/blocs/tv/watchlist_status_bloc.dart
DA:14,1
DA:18,2
DA:19,2
DA:20,1
DA:22,3
DA:24,2
DA:27,2
DA:28,1
DA:29,3
DA:31,4
DA:33,2
DA:34,0
DA:37,1
DA:38,2
DA:43,2
DA:44,1
DA:45,3
DA:47,4
DA:49,2
DA:50,0
DA:53,1
DA:54,2
LF:22
LH:20
end_of_record
SF:lib/presentation/blocs/tv/watchlist_status_event.dart
DA:4,0
DA:5,0
DA:11,3
DA:13,1
DA:14,2
DA:20,2
DA:22,1
DA:23,2
DA:29,1
DA:31,0
DA:32,0
LF:11
LH:7
end_of_record
SF:lib/presentation/blocs/tv/watchlist_status_state.dart
DA:4,6
DA:6,2
DA:7,2
DA:15,2
DA:17,0
DA:18,0
DA:24,4
DA:26,2
DA:27,4
DA:34,3
DA:36,1
DA:37,3
DA:44,3
DA:46,1
DA:47,3
LF:15
LH:13
end_of_record
SF:lib/presentation/blocs/movies/get_watchlist_bloc.dart
DA:12,1
DA:13,2
DA:14,2
DA:15,2
DA:16,3
DA:18,1
DA:19,1
DA:20,3
DA:22,1
DA:23,1
DA:24,2
DA:26,2
LF:12
LH:12
end_of_record
SF:lib/presentation/blocs/movies/get_watchlist_event.dart
DA:4,0
DA:5,0
DA:9,1
DA:10,1
LF:4
LH:2
end_of_record
SF:lib/presentation/blocs/movies/get_watchlist_state.dart
DA:4,5
DA:6,2
DA:7,2
DA:17,4
DA:19,2
DA:20,4
DA:26,3
DA:28,2
DA:29,4
LF:9
LH:9
end_of_record
SF:lib/presentation/blocs/tv/get_watchlist_state.dart
DA:4,5
DA:6,2
DA:7,2
DA:17,4
DA:19,2
DA:20,4
DA:26,3
DA:28,2
DA:29,4
LF:9
LH:9
end_of_record
SF:lib/presentation/blocs/tv/get_watchlist_event.dart
DA:4,0
DA:5,0
DA:9,1
DA:10,1
LF:4
LH:2
end_of_record
SF:lib/presentation/blocs/tv/get_watchlist_bloc.dart
DA:12,3
DA:13,2
DA:14,2
DA:15,3
DA:17,1
DA:18,1
DA:19,3
DA:21,1
DA:22,1
DA:23,2
DA:25,2
LF:11
LH:11
end_of_record
SF:lib/presentation/page/home_movie_page.dart
DA:7,80
DA:9,0
DA:10,0
DA:14,0
DA:16,0
DA:17,0
DA:19,0
DA:20,0
DA:22,0
DA:24,0
DA:25,0
DA:26,0
DA:30,0
DA:31,0
DA:32,0
DA:37,0
DA:39,0
DA:40,0
DA:42,0
DA:43,0
DA:44,0
DA:48,0
DA:49,0
DA:50,0
DA:55,0
DA:57,0
DA:58,0
DA:60,0
DA:61,0
DA:62,0
DA:66,0
DA:67,0
DA:68,0
DA:78,0
DA:79,0
DA:81,0
DA:82,0
DA:84,0
DA:86,0
DA:88,0
DA:90,0
DA:103,0
DA:105,0
DA:107,0
DA:109,0
DA:111,0
DA:112,0
DA:113,0
DA:115,0
DA:116,0
DA:117,0
DA:120,0
DA:123,0
DA:125,0
DA:126,0
DA:127,0
DA:130,0
DA:136,0
LF:58
LH:1
end_of_record
SF:lib/presentation/page/home_page.dart
DA:6,0
DA:8,0
DA:9,0
DA:13,0
DA:15,0
DA:16,0
DA:17,0
DA:18,0
DA:19,0
DA:21,0
DA:22,0
DA:23,0
DA:24,0
DA:25,0
DA:29,0
DA:31,0
DA:33,0
DA:34,0
DA:35,0
DA:36,0
DA:44,0
DA:47,0
DA:48,0
DA:51,0
DA:54,0
DA:55,0
DA:58,0
DA:59,0
DA:60,0
DA:68,0
DA:70,0
DA:71,0
DA:73,0
DA:74,0
DA:80,0
DA:82,0
LF:36
LH:0
end_of_record
SF:lib/presentation/page/home_tv_page.dart
DA:7,80
DA:9,0
DA:10,0
DA:14,0
DA:16,0
DA:17,0
DA:19,0
DA:20,0
DA:22,0
DA:24,0
DA:25,0
DA:26,0
DA:30,0
DA:31,0
DA:32,0
DA:37,0
DA:39,0
DA:41,0
DA:42,0
DA:46,0
DA:47,0
DA:48,0
DA:53,0
DA:55,0
DA:57,0
DA:58,0
DA:59,0
DA:63,0
DA:64,0
DA:65,0
DA:70,0
DA:72,0
DA:74,0
DA:75,0
DA:76,0
DA:80,0
DA:81,0
DA:82,0
DA:92,0
DA:93,0
DA:95,0
DA:96,0
DA:98,0
DA:100,0
DA:102,0
DA:104,0
DA:117,0
DA:119,0
DA:121,0
DA:123,0
DA:125,0
DA:126,0
DA:127,0
DA:129,0
DA:130,0
DA:131,0
DA:134,0
DA:137,0
DA:139,0
DA:140,0
DA:141,0
DA:144,0
DA:150,0
LF:63
LH:1
end_of_record
SF:lib/presentation/page/movie_detail_page.dart
DA:12,1
DA:14,1
DA:15,1
DA:19,1
DA:21,1
DA:22,2
DA:23,6
DA:24,1
DA:25,1
DA:26,4
DA:30,1
DA:32,1
DA:33,1
DA:34,1
DA:35,1
DA:39,1
DA:40,1
DA:41,1
DA:43,1
DA:44,1
DA:49,1
DA:50,2
DA:52,0
DA:64,1
DA:68,1
DA:70,1
DA:72,3
DA:73,1
DA:74,1
DA:75,1
DA:76,0
DA:77,0
DA:78,0
DA:79,1
DA:80,0
DA:81,0
DA:82,0
DA:85,1
DA:86,1
DA:87,1
DA:88,3
DA:90,1
DA:93,0
DA:95,1
DA:97,1
DA:98,1
DA:99,1
DA:110,1
DA:111,1
DA:112,1
DA:114,1
DA:116,1
DA:118,1
DA:119,1
DA:120,2
DA:121,1
DA:123,1
DA:125,1
DA:126,2
DA:127,1
DA:129,0
DA:132,0
DA:133,0
DA:136,0
DA:137,0
DA:140,1
DA:142,1
DA:151,1
DA:152,3
DA:154,1
DA:155,3
DA:157,1
DA:158,1
DA:159,1
DA:160,3
DA:162,1
DA:168,4
DA:172,1
DA:174,1
DA:176,1
DA:177,2
DA:180,1
DA:182,1
DA:184,1
DA:186,1
DA:188,0
DA:189,0
DA:190,0
DA:192,0
DA:193,0
DA:194,0
DA:197,0
DA:200,0
DA:204,0
DA:206,0
DA:207,0
DA:213,0
DA:220,2
DA:227,1
DA:229,1
DA:244,1
DA:246,1
DA:249,1
DA:251,0
DA:252,0
DA:262,1
DA:264,2
DA:265,3
DA:268,1
DA:272,3
DA:275,1
DA:276,1
DA:277,1
DA:279,1
DA:280,1
DA:282,0
LF:116
LH:88
end_of_record
SF:lib/presentation/page/on_air_tv_page.dart
DA:8,1
DA:10,1
DA:12,1
DA:13,1
DA:16,1
DA:18,1
DA:19,1
DA:20,1
DA:24,1
DA:25,1
DA:26,1
DA:27,1
DA:28,1
DA:29,1
DA:31,1
DA:33,1
DA:34,1
DA:36,2
DA:39,0
LF:19
LH:18
end_of_record
SF:lib/presentation/page/popular_movies_page.dart
DA:8,1
DA:10,1
DA:12,1
DA:13,1
DA:16,1
DA:18,1
DA:19,1
DA:20,1
DA:24,1
DA:25,1
DA:26,1
DA:27,1
DA:28,1
DA:29,1
DA:31,1
DA:33,1
DA:34,1
DA:36,2
DA:39,0
LF:19
LH:18
end_of_record
SF:lib/presentation/page/popular_tv_page.dart
DA:8,1
DA:10,1
DA:12,1
DA:13,1
DA:16,1
DA:18,1
DA:19,1
DA:20,1
DA:24,1
DA:25,1
DA:26,1
DA:27,1
DA:28,1
DA:29,1
DA:31,1
DA:33,1
DA:34,1
DA:36,2
DA:39,0
LF:19
LH:18
end_of_record
SF:lib/presentation/page/top_rated_movies_page.dart
DA:8,1
DA:10,1
DA:12,1
DA:13,1
DA:16,1
DA:18,1
DA:19,1
DA:20,1
DA:24,1
DA:25,1
DA:26,1
DA:27,1
DA:28,1
DA:29,1
DA:31,1
DA:33,1
DA:34,1
DA:36,2
DA:39,0
LF:19
LH:18
end_of_record
SF:lib/presentation/page/top_rated_tv_page.dart
DA:8,1
DA:10,1
DA:12,1
DA:13,1
DA:16,1
DA:18,1
DA:19,1
DA:20,1
DA:24,1
DA:25,1
DA:26,1
DA:27,1
DA:28,1
DA:29,1
DA:31,1
DA:33,1
DA:34,1
DA:36,2
DA:39,0
LF:19
LH:18
end_of_record
SF:lib/presentation/page/tv_detail_page.dart
DA:11,1
DA:13,1
DA:14,1
DA:18,1
DA:20,1
DA:21,2
DA:22,6
DA:23,1
DA:24,1
DA:25,4
DA:29,1
DA:31,1
DA:32,1
DA:33,1
DA:34,1
DA:38,1
DA:39,1
DA:40,1
DA:41,1
DA:42,1
DA:47,1
DA:48,2
DA:50,0
DA:62,1
DA:66,1
DA:68,1
DA:70,3
DA:71,1
DA:72,1
DA:73,1
DA:74,0
DA:75,0
DA:76,0
DA:77,1
DA:78,0
DA:79,0
DA:80,0
DA:83,1
DA:84,1
DA:85,1
DA:86,3
DA:88,1
DA:91,0
DA:93,1
DA:95,1
DA:96,1
DA:97,1
DA:108,1
DA:109,1
DA:110,1
DA:112,1
DA:114,1
DA:116,1
DA:117,1
DA:118,2
DA:119,1
DA:121,1
DA:123,1
DA:124,2
DA:125,1
DA:127,0
DA:130,0
DA:131,0
DA:134,0
DA:135,0
DA:138,1
DA:140,1
DA:149,1
DA:150,3
DA:152,1
DA:153,1
DA:154,1
DA:155,3
DA:157,1
DA:163,4
DA:167,1
DA:169,1
DA:171,1
DA:172,3
DA:173,2
DA:177,1
DA:179,1
DA:182,1
DA:183,1
DA:184,1
DA:188,1
DA:191,3
DA:192,1
DA:196,0
DA:201,1
DA:204,1
DA:205,4
DA:206,3
DA:207,0
DA:208,0
DA:209,0
DA:210,0
DA:211,0
DA:212,0
DA:213,0
DA:215,1
DA:216,3
DA:217,1
DA:218,1
DA:220,1
DA:221,4
DA:222,1
DA:223,2
DA:224,2
DA:226,1
DA:228,1
DA:229,3
DA:230,1
DA:237,1
DA:239,1
DA:241,1
DA:243,1
DA:245,0
DA:246,0
DA:247,0
DA:249,0
DA:250,0
DA:251,0
DA:254,0
DA:257,0
DA:261,0
DA:263,0
DA:264,0
DA:270,0
DA:277,2
DA:284,1
DA:286,1
DA:301,1
DA:303,1
DA:306,1
DA:308,0
DA:309,0
DA:319,1
DA:321,2
DA:322,3
DA:325,1
DA:329,3
LF:142
LH:107
end_of_record
SF:lib/presentation/page/watchlist_page.dart
DA:8,1
DA:10,1
DA:11,1
DA:15,1
DA:17,1
DA:18,2
DA:19,4
DA:20,1
DA:21,5
DA:24,1
DA:26,1
DA:27,4
DA:30,0
DA:32,0
DA:33,0
DA:36,1
DA:38,1
DA:40,1
DA:41,1
DA:44,1
DA:46,1
DA:47,1
DA:52,1
DA:53,2
DA:54,1
DA:55,1
DA:56,1
DA:60,1
DA:61,1
DA:62,1
DA:63,1
DA:64,1
DA:65,1
DA:67,1
DA:69,1
DA:70,1
DA:72,2
DA:82,1
DA:83,1
DA:84,1
DA:88,1
DA:89,0
DA:90,0
DA:91,0
DA:92,0
DA:93,0
DA:95,0
DA:98,1
DA:99,1
DA:101,2
DA:120,1
DA:122,2
DA:123,1
LF:53
LH:44
end_of_record
SF:lib/presentation/widgets/movie_card_list.dart
DA:8,6
DA:10,3
DA:12,3
DA:14,3
DA:15,0
DA:16,0
DA:19,0
DA:22,3
DA:24,3
DA:25,3
DA:26,3
DA:32,3
DA:34,3
DA:35,3
DA:36,6
DA:39,3
DA:42,3
DA:43,6
DA:51,3
DA:56,3
DA:57,3
DA:58,9
DA:60,3
DA:63,0
LF:24
LH:20
end_of_record
SF:lib/presentation/widgets/tv_card_list.dart
DA:8,6
DA:10,3
DA:12,3
DA:14,3
DA:15,0
DA:16,0
DA:19,0
DA:22,3
DA:24,3
DA:25,3
DA:26,3
DA:32,3
DA:34,3
DA:35,3
DA:36,6
DA:39,3
DA:42,3
DA:43,9
DA:44,6
DA:53,3
DA:58,3
DA:59,3
DA:60,9
DA:62,3
DA:65,0
LF:25
LH:21
end_of_record
