SF:lib/domain/usecases/search_movies.dart
DA:7,1
DA:9,1
DA:10,2
LF:3
LH:3
end_of_record
SF:lib/domain/usecases/search_tv.dart
DA:7,1
DA:9,1
DA:10,2
LF:3
LH:3
end_of_record
SF:lib/presentation/blocs/movies/search_state.dart
DA:4,5
DA:6,2
DA:7,2
DA:19,4
DA:21,2
DA:22,4
DA:28,4
DA:30,2
DA:31,4
LF:9
LH:9
end_of_record
SF:lib/presentation/blocs/movies/search_event.dart
DA:4,3
DA:6,0
DA:7,0
DA:13,3
DA:15,1
DA:16,2
LF:6
LH:4
end_of_record
SF:lib/presentation/blocs/movies/search_bloc.dart
DA:12,3
DA:13,2
DA:14,1
DA:16,2
DA:17,3
DA:19,1
DA:20,1
DA:21,3
DA:23,1
DA:24,1
DA:25,2
DA:27,2
LF:12
LH:12
end_of_record
SF:lib/presentation/blocs/tv/search_event.dart
DA:4,3
DA:6,0
DA:7,0
DA:13,3
DA:15,1
DA:16,2
LF:6
LH:4
end_of_record
SF:lib/presentation/blocs/tv/search_state.dart
DA:4,5
DA:6,2
DA:7,2
DA:19,4
DA:21,2
DA:22,4
DA:28,4
DA:30,2
DA:31,4
LF:9
LH:9
end_of_record
SF:lib/presentation/blocs/tv/search_bloc.dart
DA:12,3
DA:13,2
DA:14,1
DA:16,2
DA:17,3
DA:19,1
DA:20,1
DA:21,3
DA:23,1
DA:24,1
DA:25,2
DA:27,2
LF:12
LH:12
end_of_record
SF:lib/presentation/page/search_page.dart
DA:10,1
DA:12,1
DA:14,1
DA:16,1
DA:17,1
DA:20,1
DA:22,1
DA:24,1
DA:25,1
DA:26,1
DA:28,1
DA:29,2
DA:30,3
DA:44,1
DA:45,1
DA:46,1
DA:47,1
DA:48,1
DA:49,1
DA:53,1
DA:54,1
DA:55,1
DA:58,1
DA:59,1
DA:60,1
DA:62,1
DA:64,1
DA:65,1
DA:67,2
DA:69,1
DA:82,1
DA:83,1
DA:84,1
DA:88,1
DA:89,1
DA:90,1
DA:92,0
DA:93,0
DA:94,0
DA:96,1
DA:98,1
DA:99,1
DA:101,2
DA:103,1
LF:44
LH:41
end_of_record
